[INFO  - 2018-09-29T23:54:51.171Z] GhostDriver - Main - running on port 51101
[INFO  - 2018-09-29T23:54:51.347Z] Session [0e1d1500-c443-11e8-b0df-cd9913bc93e7] - page.settings - {"XSSAuditingEnabled":false,"javascriptCanCloseWindows":true,"javascriptCanOpenWindows":true,"javascriptEnabled":true,"loadImages":true,"localToRemoteUrlAccessEnabled":false,"userAgent":"Mozilla/5.0 (Macintosh; Intel Mac OS X) AppleWebKit/538.1 (KHTML, like Gecko) PhantomJS/2.1.1 Safari/538.1","webSecurityEnabled":true}
[INFO  - 2018-09-29T23:54:51.347Z] Session [0e1d1500-c443-11e8-b0df-cd9913bc93e7] - page.customHeaders:  - {}
[INFO  - 2018-09-29T23:54:51.347Z] Session [0e1d1500-c443-11e8-b0df-cd9913bc93e7] - Session.negotiatedCapabilities - {"browserName":"phantomjs","version":"2.1.1","driverName":"ghostdriver","driverVersion":"1.2.0","platform":"mac-unknown-64bit","javascriptEnabled":true,"takesScreenshot":true,"handlesAlerts":false,"databaseEnabled":false,"locationContextEnabled":false,"applicationCacheEnabled":false,"browserConnectionEnabled":false,"cssSelectorsEnabled":true,"webStorageEnabled":false,"rotatable":false,"acceptSslCerts":false,"nativeEvents":true,"proxy":{"proxyType":"direct"}}
[INFO  - 2018-09-29T23:54:51.348Z] SessionManagerReqHand - _postNewSessionCommand - New Session Created: 0e1d1500-c443-11e8-b0df-cd9913bc93e7
[ERROR - 2018-09-29T23:54:55.001Z] Session [0e1d1500-c443-11e8-b0df-cd9913bc93e7] - page.onError - msg: ReferenceError: Can't find variable: Set

  phantomjs://platform/console++.js:263 in error
[ERROR - 2018-09-29T23:54:55.001Z] Session [0e1d1500-c443-11e8-b0df-cd9913bc93e7] - page.onError - stack:
  (anonymous function) (https://d33wubrfki0l68.cloudfront.net/js/e477e70ef6aaaf7ce2fd5b861ab5e46feb50c54f/static/js/main.821a13dd.js:1)
  t (https://d33wubrfki0l68.cloudfront.net/js/e477e70ef6aaaf7ce2fd5b861ab5e46feb50c54f/static/js/main.821a13dd.js:1)
  (anonymous function) (https://d33wubrfki0l68.cloudfront.net/js/e477e70ef6aaaf7ce2fd5b861ab5e46feb50c54f/static/js/main.821a13dd.js:1)
  t (https://d33wubrfki0l68.cloudfront.net/js/e477e70ef6aaaf7ce2fd5b861ab5e46feb50c54f/static/js/main.821a13dd.js:1)
  (anonymous function) (https://d33wubrfki0l68.cloudfront.net/js/e477e70ef6aaaf7ce2fd5b861ab5e46feb50c54f/static/js/main.821a13dd.js:1)
  t (https://d33wubrfki0l68.cloudfront.net/js/e477e70ef6aaaf7ce2fd5b861ab5e46feb50c54f/static/js/main.821a13dd.js:1)
  (anonymous function) (https://d33wubrfki0l68.cloudfront.net/js/e477e70ef6aaaf7ce2fd5b861ab5e46feb50c54f/static/js/main.821a13dd.js:1)
  t (https://d33wubrfki0l68.cloudfront.net/js/e477e70ef6aaaf7ce2fd5b861ab5e46feb50c54f/static/js/main.821a13dd.js:1)
  (anonymous function) (https://d33wubrfki0l68.cloudfront.net/js/e477e70ef6aaaf7ce2fd5b861ab5e46feb50c54f/static/js/main.821a13dd.js:1)

  phantomjs://platform/console++.js:263 in error
[ERROR - 2018-09-29T23:54:55.588Z] WebElementLocator - _handleLocateCommand - Element(s) NOT Found: GAVE UP. Search Stop Time: 1538265295539

  phantomjs://platform/console++.js:263 in error
[ERROR - 2018-09-29T23:54:56.386Z] WebElementLocator - _handleLocateCommand - Element(s) NOT Found: GAVE UP. Search Stop Time: 1538265296363

  phantomjs://platform/console++.js:263 in error
[ERROR - 2018-09-29T23:54:57.139Z] WebElementLocator - _handleLocateCommand - Element(s) NOT Found: GAVE UP. Search Stop Time: 1538265297113

  phantomjs://platform/console++.js:263 in error
[ERROR - 2018-09-29T23:54:57.889Z] WebElementLocator - _handleLocateCommand - Element(s) NOT Found: GAVE UP. Search Stop Time: 1538265297863

  phantomjs://platform/console++.js:263 in error
[ERROR - 2018-09-29T23:54:58.641Z] WebElementLocator - _handleLocateCommand - Element(s) NOT Found: GAVE UP. Search Stop Time: 1538265298614

  phantomjs://platform/console++.js:263 in error
[ERROR - 2018-09-29T23:54:59.395Z] WebElementLocator - _handleLocateCommand - Element(s) NOT Found: GAVE UP. Search Stop Time: 1538265299364

  phantomjs://platform/console++.js:263 in error
[ERROR - 2018-09-29T23:55:00.153Z] WebElementLocator - _handleLocateCommand - Element(s) NOT Found: GAVE UP. Search Stop Time: 1538265300123

  phantomjs://platform/console++.js:263 in error
[INFO  - 2018-09-29T23:59:51.166Z] SessionManagerReqHand - _cleanupWindowlessSessions - Asynchronous Sessions clean-up phase starting NOW
[INFO  - 2018-09-30T00:04:51.165Z] SessionManagerReqHand - _cleanupWindowlessSessions - Asynchronous Sessions clean-up phase starting NOW
[INFO  - 2018-09-30T00:09:51.162Z] SessionManagerReqHand - _cleanupWindowlessSessions - Asynchronous Sessions clean-up phase starting NOW
[INFO  - 2018-09-30T00:14:51.159Z] SessionManagerReqHand - _cleanupWindowlessSessions - Asynchronous Sessions clean-up phase starting NOW
[INFO  - 2018-09-30T00:19:51.156Z] SessionManagerReqHand - _cleanupWindowlessSessions - Asynchronous Sessions clean-up phase starting NOW
[INFO  - 2018-09-30T00:24:51.150Z] SessionManagerReqHand - _cleanupWindowlessSessions - Asynchronous Sessions clean-up phase starting NOW
[INFO  - 2018-09-30T00:29:51.146Z] SessionManagerReqHand - _cleanupWindowlessSessions - Asynchronous Sessions clean-up phase starting NOW
[INFO  - 2018-09-30T00:34:51.142Z] SessionManagerReqHand - _cleanupWindowlessSessions - Asynchronous Sessions clean-up phase starting NOW
[INFO  - 2018-09-30T00:39:51.138Z] SessionManagerReqHand - _cleanupWindowlessSessions - Asynchronous Sessions clean-up phase starting NOW
[INFO  - 2018-09-30T00:44:51.136Z] SessionManagerReqHand - _cleanupWindowlessSessions - Asynchronous Sessions clean-up phase starting NOW
[INFO  - 2018-09-30T00:49:51.132Z] SessionManagerReqHand - _cleanupWindowlessSessions - Asynchronous Sessions clean-up phase starting NOW
[INFO  - 2018-09-30T00:54:51.131Z] SessionManagerReqHand - _cleanupWindowlessSessions - Asynchronous Sessions clean-up phase starting NOW
[INFO  - 2018-09-30T00:59:51.401Z] SessionManagerReqHand - _cleanupWindowlessSessions - Asynchronous Sessions clean-up phase starting NOW
[INFO  - 2018-09-30T02:04:44.891Z] SessionManagerReqHand - _cleanupWindowlessSessions - Asynchronous Sessions clean-up phase starting NOW
[INFO  - 2018-09-30T02:12:16.258Z] SessionManagerReqHand - _cleanupWindowlessSessions - Asynchronous Sessions clean-up phase starting NOW
[INFO  - 2018-09-30T02:17:16.255Z] SessionManagerReqHand - _cleanupWindowlessSessions - Asynchronous Sessions clean-up phase starting NOW
[INFO  - 2018-09-30T02:22:16.252Z] SessionManagerReqHand - _cleanupWindowlessSessions - Asynchronous Sessions clean-up phase starting NOW
[INFO  - 2018-09-30T02:27:16.248Z] SessionManagerReqHand - _cleanupWindowlessSessions - Asynchronous Sessions clean-up phase starting NOW
[INFO  - 2018-09-30T02:32:16.244Z] SessionManagerReqHand - _cleanupWindowlessSessions - Asynchronous Sessions clean-up phase starting NOW
[INFO  - 2018-09-30T04:32:26.594Z] SessionManagerReqHand - _cleanupWindowlessSessions - Asynchronous Sessions clean-up phase starting NOW
[INFO  - 2018-09-30T05:10:10.247Z] SessionManagerReqHand - _cleanupWindowlessSessions - Asynchronous Sessions clean-up phase starting NOW
[INFO  - 2018-09-30T05:15:10.249Z] SessionManagerReqHand - _cleanupWindowlessSessions - Asynchronous Sessions clean-up phase starting NOW
[INFO  - 2018-09-30T05:20:10.248Z] SessionManagerReqHand - _cleanupWindowlessSessions - Asynchronous Sessions clean-up phase starting NOW
[INFO  - 2018-09-30T05:25:10.248Z] SessionManagerReqHand - _cleanupWindowlessSessions - Asynchronous Sessions clean-up phase starting NOW
[INFO  - 2018-09-30T05:30:10.249Z] SessionManagerReqHand - _cleanupWindowlessSessions - Asynchronous Sessions clean-up phase starting NOW
[INFO  - 2018-09-30T05:35:10.231Z] SessionManagerReqHand - _cleanupWindowlessSessions - Asynchronous Sessions clean-up phase starting NOW
[INFO  - 2018-09-30T05:40:10.230Z] SessionManagerReqHand - _cleanupWindowlessSessions - Asynchronous Sessions clean-up phase starting NOW
[INFO  - 2018-09-30T05:45:10.228Z] SessionManagerReqHand - _cleanupWindowlessSessions - Asynchronous Sessions clean-up phase starting NOW
